e:\pixeguy\documents\github\dx1220aiprogass1\ai\debug\vc143.pdb
e:\pixeguy\documents\github\dx1220aiprogass1\ai\debug\vc143.idb
e:\pixeguy\documents\github\dx1220aiprogass1\ai\debug\shader.obj
e:\pixeguy\documents\github\dx1220aiprogass1\ai\debug\scenetictactoe.obj
e:\pixeguy\documents\github\dx1220aiprogass1\ai\debug\scenemovement_week999.obj
e:\pixeguy\documents\github\dx1220aiprogass1\ai\debug\scenemovement_week04.obj
e:\pixeguy\documents\github\dx1220aiprogass1\ai\debug\scenemovement_week03.obj
e:\pixeguy\documents\github\dx1220aiprogass1\ai\debug\scenemovement_week02.obj
e:\pixeguy\documents\github\dx1220aiprogass1\ai\debug\scenemovement_week01.obj
e:\pixeguy\documents\github\dx1220aiprogass1\ai\debug\scenedata.obj
e:\pixeguy\documents\github\dx1220aiprogass1\ai\debug\scenebase.obj
e:\pixeguy\documents\github\dx1220aiprogass1\ai\debug\postoffice.obj
e:\pixeguy\documents\github\dx1220aiprogass1\ai\debug\meshbuilder.obj
e:\pixeguy\documents\github\dx1220aiprogass1\ai\debug\mesh.obj
e:\pixeguy\documents\github\dx1220aiprogass1\ai\debug\maze.obj
e:\pixeguy\documents\github\dx1220aiprogass1\ai\debug\main.obj
e:\pixeguy\documents\github\dx1220aiprogass1\ai\debug\loadtga.obj
e:\pixeguy\documents\github\dx1220aiprogass1\ai\debug\loadobj.obj
e:\pixeguy\documents\github\dx1220aiprogass1\ai\debug\graph.obj
e:\pixeguy\documents\github\dx1220aiprogass1\ai\debug\gameobject.obj
e:\pixeguy\documents\github\dx1220aiprogass1\ai\debug\camera.obj
e:\pixeguy\documents\github\dx1220aiprogass1\ai\debug\application.obj
e:\pixeguy\documents\github\dx1220aiprogass1\ai\debug\utility.obj
e:\pixeguy\documents\github\dx1220aiprogass1\ai\debug\statesshark.obj
e:\pixeguy\documents\github\dx1220aiprogass1\ai\debug\statesfishfood.obj
e:\pixeguy\documents\github\dx1220aiprogass1\ai\debug\statesfish.obj
e:\pixeguy\documents\github\dx1220aiprogass1\ai\debug\statemachine.obj
e:\pixeguy\documents\github\dx1220aiprogass1\ai\debug\state.obj
e:\pixeguy\documents\github\dx1220aiprogass1\ai\debug\statesbuilding.obj
e:\pixeguy\documents\github\dx1220aiprogass1\ai\debug\statesmechanic.obj
e:\pixeguy\documents\github\dx1220aiprogass1\ai\debug\statesranged.obj
e:\pixeguy\documents\github\dx1220aiprogass1\ai\debug\statesattacker.obj
e:\pixeguy\documents\github\dx1220aiprogass1\ai\debug\statessupport.obj
e:\pixeguy\documents\github\dx1220aiprogass1\debug\ai.exe
e:\pixeguy\documents\github\dx1220aiprogass1\debug\ai.pdb
e:\pixeguy\documents\github\dx1220aiprogass1\ai\debug\ai.ilk
e:\pixeguy\documents\github\dx1220aiprogass1\ai\debug\ai.tlog\cl.command.1.tlog
e:\pixeguy\documents\github\dx1220aiprogass1\ai\debug\ai.tlog\cl.items.tlog
e:\pixeguy\documents\github\dx1220aiprogass1\ai\debug\ai.tlog\cl.read.1.tlog
e:\pixeguy\documents\github\dx1220aiprogass1\ai\debug\ai.tlog\cl.write.1.tlog
e:\pixeguy\documents\github\dx1220aiprogass1\ai\debug\ai.tlog\link.command.1.tlog
e:\pixeguy\documents\github\dx1220aiprogass1\ai\debug\ai.tlog\link.read.1.tlog
e:\pixeguy\documents\github\dx1220aiprogass1\ai\debug\ai.tlog\link.secondary.1.tlog
e:\pixeguy\documents\github\dx1220aiprogass1\ai\debug\ai.tlog\link.write.1.tlog
