  Application.cpp
  Camera.cpp
  GameObject.cpp
  Graph.cpp
  LoadOBJ.cpp
  LoadTGA.cpp
  main.cpp
  Maze.cpp
  Mesh.cpp
  MeshBuilder.cpp
  PostOffice.cpp
  SceneBase.cpp
  SceneData.cpp
  SceneMovement_Week01.cpp
  SceneMovement_Week02.cpp
E:\pixeguy\Documents\GitHub\DX1220AIProgASS1\AI\Source\SceneMovement_Week02.cpp(190,36): warning C4305: '-=': truncation from 'double' to 'float'
E:\pixeguy\Documents\GitHub\DX1220AIProgASS1\AI\Source\SceneMovement_Week02.cpp(200,36): warning C4305: '-=': truncation from 'double' to 'float'
E:\pixeguy\Documents\GitHub\DX1220AIProgASS1\AI\Source\SceneMovement_Week02.cpp(216,36): warning C4305: '-=': truncation from 'double' to 'float'
  SceneMovement_Week03.cpp
E:\pixeguy\Documents\GitHub\DX1220AIProgASS1\AI\Source\SceneMovement_Week03.cpp(42,12): warning C4244: 'argument': conversion from 'time_t' to 'unsigned int', possible loss of data
  SceneMovement_Week04.cpp
E:\pixeguy\Documents\GitHub\DX1220AIProgASS1\AI\Source\SceneMovement_Week04.cpp(56,12): warning C4244: 'argument': conversion from 'time_t' to 'unsigned int', possible loss of data
  SceneMovement_Week999.cpp
E:\pixeguy\Documents\GitHub\DX1220AIProgASS1\AI\Source\SceneMovement_Week999.cpp(310,16): warning C4244: '=': conversion from 'float' to 'int', possible loss of data
E:\pixeguy\Documents\GitHub\DX1220AIProgASS1\AI\Source\SceneMovement_Week999.cpp(318,36): warning C4305: '-=': truncation from 'double' to 'float'
E:\pixeguy\Documents\GitHub\DX1220AIProgASS1\AI\Source\SceneMovement_Week999.cpp(632,60): warning C4244: 'argument': conversion from 'double' to 'float', possible loss of data
E:\pixeguy\Documents\GitHub\DX1220AIProgASS1\AI\Source\SceneMovement_Week999.cpp(638,44): warning C4244: 'argument': conversion from 'double' to 'float', possible loss of data
  SceneTicTacToe.cpp
  shader.cpp
  Generating Code...
  Compiling...
  State.cpp
  StateMachine.cpp
  StatesFish.cpp
  StatesFishFood.cpp
  StatesShark.cpp
  Utility.cpp
  Generating Code...
E:\pixeguy\Documents\GitHub\DX1220AIProgASS1\AI\Source\StateMachine.cpp(42,1): warning C4172: returning address of local variable or temporary 
LINK : warning LNK4098: defaultlib 'MSVCRT' conflicts with use of other libs; use /NODEFAULTLIB:library
  AI.vcxproj -> E:\pixeguy\Documents\GitHub\DX1220AIProgASS1\Debug\AI.exe
